<?xml version="1.0" encoding="UTF-8"?>
<!-- Generated by org.testng.reporters.JUnitXMLReporter -->
<testsuite ignored="0" hostname="DESKTOP-QUDC6GG" failures="0" tests="3" name="AlertsTests" time="40.579" errors="0" timestamp="04 мая 2020 11:12:37 GMT">
  <testcase classname="com.herokuapp.theinternet.alertstests.AlertsTests" name="jsAlertTest" time="5.379"/>
  <testcase classname="com.herokuapp.theinternet.alertstests.AlertsTests" name="jsDismissTest" time="4.644"/>
  <testcase classname="com.herokuapp.theinternet.alertstests.AlertsTests" name="jsPromptTest" time="6.093"/>
</testsuite> <!-- AlertsTests -->
