<?xml version="1.0" encoding="UTF-8"?>
<testng-results ignored="0" total="1" passed="1" failed="0" skipped="0">
  <reporter-output>
  </reporter-output>
  <suite started-at="2020-06-19T22:43:01Z" name="DropdownTestSuite" finished-at="2020-06-19T22:43:11Z" duration-ms="10429">
    <groups>
    </groups>
    <test started-at="2020-06-19T22:43:01Z" name="DropdownTests" finished-at="2020-06-19T22:43:11Z" duration-ms="10429">
      <class name="com.herokuapp.theinternet.dropdowntests.DropdownTest">
        <test-method is-config="true" signature="setUp(java.lang.reflect.Method, java.lang.String, org.testng.ITestContext)[pri:0, instance:com.herokuapp.theinternet.dropdowntests.DropdownTest@49e5f737]" started-at="2020-06-19T22:43:02Z" name="setUp" finished-at="2020-06-19T22:43:08Z" duration-ms="6978" status="PASS">
          <params>
            <param index="0">
              <value>
                <![CDATA[public void com.herokuapp.theinternet.dropdowntests.DropdownTest.optionTwoTest()]]>
              </value>
            </param>
            <param index="1">
              <value>
                <![CDATA[chrome]]>
              </value>
            </param>
            <param index="2">
              <value>
                <![CDATA[org.testng.TestRunner@b18c4]]>
              </value>
            </param>
          </params>
          <reporter-output>
          </reporter-output>
        </test-method> <!-- setUp -->
        <test-method signature="optionTwoTest()[pri:0, instance:com.herokuapp.theinternet.dropdowntests.DropdownTest@49e5f737]" started-at="2020-06-19T22:43:08Z" name="optionTwoTest" finished-at="2020-06-19T22:43:11Z" duration-ms="2251" status="PASS">
          <reporter-output>
          </reporter-output>
        </test-method> <!-- optionTwoTest -->
        <test-method is-config="true" signature="tearDown()[pri:0, instance:com.herokuapp.theinternet.dropdowntests.DropdownTest@49e5f737]" started-at="2020-06-19T22:43:11Z" name="tearDown" finished-at="2020-06-19T22:43:11Z" duration-ms="624" status="PASS">
          <reporter-output>
          </reporter-output>
        </test-method> <!-- tearDown -->
      </class> <!-- com.herokuapp.theinternet.dropdowntests.DropdownTest -->
    </test> <!-- DropdownTests -->
  </suite> <!-- DropdownTestSuite -->
</testng-results>
