<?xml version="1.0" encoding="UTF-8"?>
<!-- Generated by org.testng.reporters.JUnitXMLReporter -->
<testsuite ignored="0" hostname="DESKTOP-QUDC6GG" failures="0" tests="5" name="NegativeUsernameTest-CH" time="95.801" errors="0" timestamp="08 мая 2020 14:37:41 GMT">
  <testcase classname="com.herokuapp.theinternet.loginpagetests.NegativeLogInTests" name="negativeLogInTest" time="7.894"/>
  <testcase classname="com.herokuapp.theinternet.loginpagetests.NegativeLogInTests" name="negativeLogInTest" time="4.308"/>
  <testcase classname="com.herokuapp.theinternet.loginpagetests.NegativeLogInTests" name="negativeLogInTest" time="4.305"/>
  <testcase classname="com.herokuapp.theinternet.loginpagetests.NegativeLogInTests" name="negativeLogInTest" time="4.964"/>
  <testcase classname="com.herokuapp.theinternet.loginpagetests.NegativeLogInTests" name="negativeLogInTest" time="5.109"/>
</testsuite> <!-- NegativeUsernameTest-CH -->
