<?xml version="1.0" encoding="UTF-8"?>
<!-- Generated by org.testng.reporters.JUnitXMLReporter -->
<testsuite ignored="0" hostname="DESKTOP-QUDC6GG" failures="0" tests="3" name="AlertsTests" time="34.047" errors="0" timestamp="05 мая 2020 13:33:40 GMT">
  <testcase classname="com.herokuapp.theinternet.alertstests.AlertsTests" name="jsAlertTest" time="4.462"/>
  <testcase classname="com.herokuapp.theinternet.alertstests.AlertsTests" name="jsDismissTest" time="4.217"/>
  <testcase classname="com.herokuapp.theinternet.alertstests.AlertsTests" name="jsPromptTest" time="5.685"/>
</testsuite> <!-- AlertsTests -->
